app/build/outputs/logs/manifest-merger-debug-report.txt
-- Merging decision tree log ---
manifest
ADDED from src\main\AndroidManifest.xml:1:1-76:12
INJECTED from src\main\AndroidManifest.xml:1:1-76:12
INJECTED from src\main\AndroidManifest.xml:1:1-76:12
INJECTED from src\main\AndroidManifest.xml:1:1-76:12
INJECTED from src\main\AndroidManifest.xml:1:1-76:12
INJECTED from src\main\AndroidManifest.xml:1:1-76:12
INJECTED from src\main\AndroidManifest.xml:1:1-76:12
	package
		ADDED from src\main\AndroidManifest.xml:3:2-30
		INJECTED from src\main\AndroidManifest.xml
		INJECTED from src\main\AndroidManifest.xml
	android:versionName
		INJECTED from src\main\AndroidManifest.xml
		ADDED from src\main\AndroidManifest.xml:1:1-76:12
		INJECTED from src\main\AndroidManifest.xml
	android:versionCode
		INJECTED from src\main\AndroidManifest.xml
		ADDED from src\main\AndroidManifest.xml:1:1-76:12
		INJECTED from src\main\AndroidManifest.xml
	xmlns:android
		ADDED from src\main\AndroidManifest.xml:2:2-60
uses-permission#android.permission.INTERNET
ADDED from src\main\AndroidManifest.xml:4:2-63
	android:name
		ADDED from src\main\AndroidManifest.xml:4:19-61
uses-permission#android.permission.ACCESS_NETWORK_STATE
ADDED from src\main\AndroidManifest.xml:5:2-75
	android:name
		ADDED from src\main\AndroidManifest.xml:5:19-73
application
ADDED from src\main\AndroidManifest.xml:6:2-75:16
	android:label
		ADDED from src\main\AndroidManifest.xml:8:3-27
	android:largeHeap
		ADDED from src\main\AndroidManifest.xml:10:3-27
	android:icon
		ADDED from src\main\AndroidManifest.xml:9:3-36
	android:allowBackup
		ADDED from src\main\AndroidManifest.xml:7:3-29
	android:theme
		ADDED from src\main\AndroidManifest.xml:11:3-34
activity#com.my.newproject7.MainActivity
ADDED from src\main\AndroidManifest.xml:12:3-21:14
	android:screenOrientation
		ADDED from src\main\AndroidManifest.xml:16:4-40
	android:configChanges
		ADDED from src\main\AndroidManifest.xml:14:4-50
	android:theme
		ADDED from src\main\AndroidManifest.xml:15:4-37
	android:name
		ADDED from src\main\AndroidManifest.xml:13:4-32
intent-filter#action:name:android.intent.action.MAIN+category:name:android.intent.category.LAUNCHER
ADDED from src\main\AndroidManifest.xml:17:4-20:20
action#android.intent.action.MAIN
ADDED from src\main\AndroidManifest.xml:18:5-56
	android:name
		ADDED from src\main\AndroidManifest.xml:18:13-54
category#android.intent.category.LAUNCHER
ADDED from src\main\AndroidManifest.xml:19:5-64
	android:name
		ADDED from src\main\AndroidManifest.xml:19:15-62
activity#com.my.newproject7.OpeningActivity
ADDED from src\main\AndroidManifest.xml:22:3-26:42
	android:screenOrientation
		ADDED from src\main\AndroidManifest.xml:26:4-40
	android:configChanges
		ADDED from src\main\AndroidManifest.xml:24:4-50
	android:theme
		ADDED from src\main\AndroidManifest.xml:25:4-37
	android:name
		ADDED from src\main\AndroidManifest.xml:23:4-35
activity#com.my.newproject7.HomeActivity
ADDED from src\main\AndroidManifest.xml:27:3-31:42
	android:screenOrientation
		ADDED from src\main\AndroidManifest.xml:31:4-40
	android:configChanges
		ADDED from src\main\AndroidManifest.xml:29:4-50
	android:theme
		ADDED from src\main\AndroidManifest.xml:30:4-38
	android:name
		ADDED from src\main\AndroidManifest.xml:28:4-32
activity#com.my.newproject7.CseActivity
ADDED from src\main\AndroidManifest.xml:32:3-36:42
	android:screenOrientation
		ADDED from src\main\AndroidManifest.xml:36:4-40
	android:configChanges
		ADDED from src\main\AndroidManifest.xml:34:4-50
	android:theme
		ADDED from src\main\AndroidManifest.xml:35:4-38
	android:name
		ADDED from src\main\AndroidManifest.xml:33:4-31
activity#com.my.newproject7.EceActivity
ADDED from src\main\AndroidManifest.xml:37:3-41:42
	android:screenOrientation
		ADDED from src\main\AndroidManifest.xml:41:4-40
	android:configChanges
		ADDED from src\main\AndroidManifest.xml:39:4-50
	android:theme
		ADDED from src\main\AndroidManifest.xml:40:4-38
	android:name
		ADDED from src\main\AndroidManifest.xml:38:4-31
activity#com.my.newproject7.EeeActivity
ADDED from src\main\AndroidManifest.xml:42:3-46:42
	android:screenOrientation
		ADDED from src\main\AndroidManifest.xml:46:4-40
	android:configChanges
		ADDED from src\main\AndroidManifest.xml:44:4-50
	android:theme
		ADDED from src\main\AndroidManifest.xml:45:4-38
	android:name
		ADDED from src\main\AndroidManifest.xml:43:4-31
activity#com.my.newproject7.MechActivity
ADDED from src\main\AndroidManifest.xml:47:3-51:42
	android:screenOrientation
		ADDED from src\main\AndroidManifest.xml:51:4-40
	android:configChanges
		ADDED from src\main\AndroidManifest.xml:49:4-50
	android:theme
		ADDED from src\main\AndroidManifest.xml:50:4-38
	android:name
		ADDED from src\main\AndroidManifest.xml:48:4-32
activity#com.my.newproject7.CivilActivity
ADDED from src\main\AndroidManifest.xml:52:3-56:42
	android:screenOrientation
		ADDED from src\main\AndroidManifest.xml:56:4-40
	android:configChanges
		ADDED from src\main\AndroidManifest.xml:54:4-50
	android:theme
		ADDED from src\main\AndroidManifest.xml:55:4-38
	android:name
		ADDED from src\main\AndroidManifest.xml:53:4-33
activity#com.my.newproject7.IttActivity
ADDED from src\main\AndroidManifest.xml:57:3-61:42
	android:screenOrientation
		ADDED from src\main\AndroidManifest.xml:61:4-40
	android:configChanges
		ADDED from src\main\AndroidManifest.xml:59:4-50
	android:theme
		ADDED from src\main\AndroidManifest.xml:60:4-38
	android:name
		ADDED from src\main\AndroidManifest.xml:58:4-31
activity#com.my.newproject7.IceActivity
ADDED from src\main\AndroidManifest.xml:62:3-66:42
	android:screenOrientation
		ADDED from src\main\AndroidManifest.xml:66:4-40
	android:configChanges
		ADDED from src\main\AndroidManifest.xml:64:4-50
	android:theme
		ADDED from src\main\AndroidManifest.xml:65:4-38
	android:name
		ADDED from src\main\AndroidManifest.xml:63:4-31
activity#com.my.newproject7.DisplayActivity
ADDED from src\main\AndroidManifest.xml:67:3-71:42
	android:screenOrientation
		ADDED from src\main\AndroidManifest.xml:71:4-40
	android:configChanges
		ADDED from src\main\AndroidManifest.xml:69:4-50
	android:theme
		ADDED from src\main\AndroidManifest.xml:70:4-37
	android:name
		ADDED from src\main\AndroidManifest.xml:68:4-35
uses-library#org.apache.http.legacy
ADDED from src\main\AndroidManifest.xml:72:3-74:30
	android:required
		ADDED from src\main\AndroidManifest.xml:74:4-28
	android:name
		ADDED from src\main\AndroidManifest.xml:73:4-41
uses-sdk
INJECTED from src\main\AndroidManifest.xml reason: use-sdk injection requested
INJECTED from src\main\AndroidManifest.xml
INJECTED from src\main\AndroidManifest.xml
INJECTED from src\main\AndroidManifest.xml
INJECTED from src\main\AndroidManifest.xml
	android:targetSdkVersion
		INJECTED from src\main\AndroidManifest.xml
		ADDED from src\main\AndroidManifest.xml
		INJECTED from src\main\AndroidManifest.xml
	android:minSdkVersion
		INJECTED from src\main\AndroidManifest.xml
		ADDED from src\main\AndroidManifest.xml
		INJECTED from src\main\AndroidManifest.xml